[     756ms] [LOG] 🔧 API Service initialized with URL:  @ webpack-internal:///(app-pages-browser)/./src/services/api.ts:833
[     757ms] [LOG] 🔧 Environment: development @ webpack-internal:///(app-pages-browser)/./src/services/api.ts:834
[     757ms] [LOG] 🔧 NEXT_PUBLIC_API_URL_LOCAL: http://localhost:5001 @ webpack-internal:///(app-pages-browser)/./src/services/api.ts:835
[     757ms] [LOG] 🔧 Config: {url: http://localhost:5001} @ webpack-internal:///(app-pages-browser)/./src/services/api.ts:836
[     861ms] [INFO] %cDownload the React DevTools for a better development experience: https://react.dev/link/react-devtools font-weight:bold @ webpack-internal:///(app-pages-browser)/./node_modules/next/dist/compiled/react-dom/cjs/react-dom-client.development.js:25022
[    1045ms] [LOG] 🌐 API Request: {url: /api/v1/convert/warmup, method: GET, body: undefined} @ webpack-internal:///(app-pages-browser)/./src/services/api.ts:67
[    1184ms] [WARNING] Image with src "https://storage.ko-fi.com/cdn/logomarkLogo.png" has either width or height modified, but not the other. If you use CSS to change the size of your image, also include the styles 'width: "auto"' or 'height: "auto"' to maintain the aspect ratio. @ webpack-internal:///(app-pages-browser)/./node_modules/next/dist/shared/lib/utils/warn-once.js:15
[    1372ms] [WARNING] Please ensure that the container has a non-static position, like 'relative', 'fixed', or 'absolute' to ensure scroll offset is calculated correctly. @ webpack-internal:///(app-pages-browser)/./node_modules/motion-utils/dist/es/warn-once.mjs:12
[    2246ms] [LOG] [Fast Refresh] rebuilding @ webpack-internal:///(app-pages-browser)/./node_modules/next/dist/client/components/react-dev-overlay/app/hot-reloader-client.js:196
[    2851ms] [ERROR] Failed to load resource: the server responded with a status of 401 (Unauthorized) @ http://localhost:3000/api/auth/session:0
[    2953ms] [LOG] [Fast Refresh] done in 708ms @ webpack-internal:///(app-pages-browser)/./node_modules/next/dist/client/components/react-dev-overlay/utils/report-hmr-latency.js:13
[    3412ms] [WARNING] Image with src "/images/nav_logo_text.png" was detected as the Largest Contentful Paint (LCP). Please add the "priority" property if this image is above the fold.
Read more: https://nextjs.org/docs/api-reference/next/image#priority @ webpack-internal:///(app-pages-browser)/./node_modules/next/dist/shared/lib/utils/warn-once.js:15
[    3957ms] [WARNING] Image with src "/images/animation_elements/circle_light_red.png" was detected as the Largest Contentful Paint (LCP). Please add the "priority" property if this image is above the fold.
Read more: https://nextjs.org/docs/api-reference/next/image#priority @ webpack-internal:///(app-pages-browser)/./node_modules/next/dist/shared/lib/utils/warn-once.js:15
[    5685ms] [LOG] 🌐 API Response: {status: 200, ok: true} @ webpack-internal:///(app-pages-browser)/./src/services/api.ts:83
[    5686ms] [LOG] 📝 API Response Text: {"message":"All Lambda warmups successful","results":{"spotify":true,"apple_music":true,"deezer":true}} @ webpack-internal:///(app-pages-browser)/./src/services/api.ts:126
[    5686ms] [LOG] ✅ API Response Data: {message: All Lambda warmups successful, results: Object} @ webpack-internal:///(app-pages-browser)/./src/services/api.ts:137
[   16420ms] [LOG] 🎯 Mutation function called with URL: https://music.apple.com/us/album/the-dark-side-of-the-moon/1065973699?i=1065973705 description: undefined anonymous: true @ webpack-internal:///(app-pages-browser)/./src/hooks/use-music.ts:84
[   16420ms] [LOG] 🔄 API Service: convertMusicLink called with: https://music.apple.com/us/album/the-dark-side-of-the-moon/1065973699?i=1065973705 {anonymous: true, description: undefined, idempotencyKey: 7e4064dc-2e30-4ca6-aa16-5387a1e1c31a} @ webpack-internal:///(app-pages-browser)/./src/services/api.ts:155
[   16420ms] [LOG] 🌐 API Request: {url: /api/v1/convert, method: POST, body: {"sourceLink":"https://music.apple.com/us/album/the-dark-side-of-the-moon/1065973699?i=1065973705"}} @ webpack-internal:///(app-pages-browser)/./src/services/api.ts:67
[   16427ms] [WARNING] Image with src "/images/cassette_logo.png" has either width or height modified, but not the other. If you use CSS to change the size of your image, also include the styles 'width: "auto"' or 'height: "auto"' to maintain the aspect ratio. @ webpack-internal:///(app-pages-browser)/./node_modules/next/dist/shared/lib/utils/warn-once.js:15
[   20825ms] [LOG] 🌐 API Response: {status: 200, ok: true} @ webpack-internal:///(app-pages-browser)/./src/services/api.ts:83
[   20825ms] [LOG] 📝 API Response Text: {"success":true,"status":"ready","postId":"p_20260419220848_03isk7e1zj3j6k","jobId":"cj_a17033ffcdbd443aa67fc1f18ec6ad2f","retryAfterMs":null,"errorCode":null,"message":null} @ webpack-internal:///(app-pages-browser)/./src/services/api.ts:126
[   20825ms] [LOG] ✅ API Response Data: {success: true, status: ready, postId: p_20260419220848_03isk7e1zj3j6k, jobId: cj_a17033ffcdbd443aa67fc1f18ec6ad2f, retryAfterMs: null} @ webpack-internal:///(app-pages-browser)/./src/services/api.ts:137
[   20825ms] [LOG] 🔄 API Service: Raw response: {
  "success": true,
  "status": "ready",
  "postId": "p_20260419220848_03isk7e1zj3j6k",
  "jobId": "cj_a17033ffcdbd443aa67fc1f18ec6ad2f",
  "retryAfterMs": null,
  "errorCode": null,
  "message": null
} @ webpack-internal:///(app-pages-browser)/./src/services/api.ts:182
[   20825ms] [LOG] ✅ Mutation successful: {originalUrl: https://music.apple.com/us/album/the-dark-side-of-the-moon/1065973699?i=1065973705, convertedUrls: Object, metadata: Object, description: undefined, postId: p_20260419220848_03isk7e1zj3j6k} @ webpack-internal:///(app-pages-browser)/./src/hooks/use-music.ts:95
[  106053ms] [LOG] [Fast Refresh] rebuilding @ webpack-internal:///(app-pages-browser)/./node_modules/next/dist/client/components/react-dev-overlay/app/hot-reloader-client.js:196
[  106740ms] [LOG] [Fast Refresh] done in 687ms @ webpack-internal:///(app-pages-browser)/./node_modules/next/dist/client/components/react-dev-overlay/utils/report-hmr-latency.js:13
[  113851ms] [LOG] 🔧 API Service initialized with URL:  @ webpack-internal:///(app-pages-browser)/./src/services/api.ts:833
[  113851ms] [LOG] 🔧 Environment: development @ webpack-internal:///(app-pages-browser)/./src/services/api.ts:834
[  113851ms] [LOG] 🔧 NEXT_PUBLIC_API_URL_LOCAL: http://localhost:5001 @ webpack-internal:///(app-pages-browser)/./src/services/api.ts:835
[  113851ms] [LOG] 🔧 Config: {url: http://localhost:5001} @ webpack-internal:///(app-pages-browser)/./src/services/api.ts:836
[  113955ms] [INFO] %cDownload the React DevTools for a better development experience: https://react.dev/link/react-devtools font-weight:bold @ webpack-internal:///(app-pages-browser)/./node_modules/next/dist/compiled/react-dom/cjs/react-dom-client.development.js:25022
[  114228ms] [ERROR] Failed to load resource: the server responded with a status of 401 (Unauthorized) @ http://localhost:3000/api/auth/session:0
[  114256ms] [LOG] [POST_PAGE] mounted @ webpack-internal:///(app-pages-browser)/./src/app/post/page.tsx:168
[  114258ms] [LOG] [POST_PAGE] unmounted @ webpack-internal:///(app-pages-browser)/./src/app/post/page.tsx:171
[  114259ms] [LOG] [POST_PAGE] mounted @ webpack-internal:///(app-pages-browser)/./src/app/post/page.tsx:168
[  114274ms] [LOG] 🎯 Mutation function called with URL: https://music.apple.com/us/album/the-dark-side-of-the-moon/1065973699?i=1065973705 description: undefined anonymous: true @ webpack-internal:///(app-pages-browser)/./src/hooks/use-music.ts:84
[  114275ms] [LOG] 🔄 API Service: convertMusicLink called with: https://music.apple.com/us/album/the-dark-side-of-the-moon/1065973699?i=1065973705 {anonymous: true, description: undefined, idempotencyKey: 90ca84e4-1298-4dfa-9e1b-9b2227980311} @ webpack-internal:///(app-pages-browser)/./src/services/api.ts:155
[  114275ms] [LOG] 🌐 API Request: {url: /api/v1/convert, method: POST, body: {"sourceLink":"https://music.apple.com/us/album/the-dark-side-of-the-moon/1065973699?i=1065973705"}} @ webpack-internal:///(app-pages-browser)/./src/services/api.ts:67
[  114283ms] [WARNING] Image with src "/images/cassette_logo.png" has either width or height modified, but not the other. If you use CSS to change the size of your image, also include the styles 'width: "auto"' or 'height: "auto"' to maintain the aspect ratio. @ webpack-internal:///(app-pages-browser)/./node_modules/next/dist/shared/lib/utils/warn-once.js:15
[  114304ms] [WARNING] Image with src "/images/nav_logo_text.png" was detected as the Largest Contentful Paint (LCP). Please add the "priority" property if this image is above the fold.
Read more: https://nextjs.org/docs/api-reference/next/image#priority @ webpack-internal:///(app-pages-browser)/./node_modules/next/dist/shared/lib/utils/warn-once.js:15
[  123135ms] [LOG] 🌐 API Response: {status: 200, ok: true} @ webpack-internal:///(app-pages-browser)/./src/services/api.ts:83
[  123136ms] [LOG] 📝 API Response Text: {"success":true,"status":"ready","postId":"p_20260419221031_cuqy35fbz8ifp5","jobId":"cj_91e28774c8b448d48a2dcd83ee2b4586","retryAfterMs":null,"errorCode":null,"message":null} @ webpack-internal:///(app-pages-browser)/./src/services/api.ts:126
[  123136ms] [LOG] ✅ API Response Data: {success: true, status: ready, postId: p_20260419221031_cuqy35fbz8ifp5, jobId: cj_91e28774c8b448d48a2dcd83ee2b4586, retryAfterMs: null} @ webpack-internal:///(app-pages-browser)/./src/services/api.ts:137
[  123136ms] [LOG] 🔄 API Service: Raw response: {
  "success": true,
  "status": "ready",
  "postId": "p_20260419221031_cuqy35fbz8ifp5",
  "jobId": "cj_91e28774c8b448d48a2dcd83ee2b4586",
  "retryAfterMs": null,
  "errorCode": null,
  "message": null
} @ webpack-internal:///(app-pages-browser)/./src/services/api.ts:182
[  123136ms] [LOG] ✅ Mutation successful: {originalUrl: https://music.apple.com/us/album/the-dark-side-of-the-moon/1065973699?i=1065973705, convertedUrls: Object, metadata: Object, description: undefined, postId: p_20260419221031_cuqy35fbz8ifp5} @ webpack-internal:///(app-pages-browser)/./src/hooks/use-music.ts:95
[  186491ms] [LOG] [Fast Refresh] rebuilding @ webpack-internal:///(app-pages-browser)/./node_modules/next/dist/client/components/react-dev-overlay/app/hot-reloader-client.js:196
[  187553ms] [LOG] [Fast Refresh] done in 1065ms @ webpack-internal:///(app-pages-browser)/./node_modules/next/dist/client/components/react-dev-overlay/utils/report-hmr-latency.js:13
[  199110ms] [LOG] [Fast Refresh] rebuilding @ webpack-internal:///(app-pages-browser)/./node_modules/next/dist/client/components/react-dev-overlay/app/hot-reloader-client.js:196
[  199597ms] [LOG] [POST_PAGE] unmounted @ webpack-internal:///(app-pages-browser)/./src/app/post/page.tsx:171
[  199601ms] [LOG] 🎯 Mutation function called with URL: https://music.apple.com/us/album/the-dark-side-of-the-moon/1065973699?i=1065973705 description: undefined anonymous: true @ webpack-internal:///(app-pages-browser)/./src/hooks/use-music.ts:84
[  199602ms] [LOG] 🔄 API Service: convertMusicLink called with: https://music.apple.com/us/album/the-dark-side-of-the-moon/1065973699?i=1065973705 {anonymous: true, description: undefined, idempotencyKey: 2c8ea2ca-5850-480e-960d-6c6eafdf2f2b} @ webpack-internal:///(app-pages-browser)/./src/services/api.ts:155
[  199602ms] [LOG] 🌐 API Request: {url: /api/v1/convert, method: POST, body: {"sourceLink":"https://music.apple.com/us/album/the-dark-side-of-the-moon/1065973699?i=1065973705"}} @ webpack-internal:///(app-pages-browser)/./src/services/api.ts:67
[  199604ms] [LOG] [Fast Refresh] done in 495ms @ webpack-internal:///(app-pages-browser)/./node_modules/next/dist/client/components/react-dev-overlay/utils/report-hmr-latency.js:13
[  204956ms] [LOG] 🌐 API Response: {status: 200, ok: true} @ webpack-internal:///(app-pages-browser)/./src/services/api.ts:83
[  204957ms] [LOG] 📝 API Response Text: {"success":true,"status":"ready","postId":"p_20260419221152_502mfg3br3q4ih","jobId":"cj_2a46189be6ae48e090b3a69f04e388f8","retryAfterMs":null,"errorCode":null,"message":null} @ webpack-internal:///(app-pages-browser)/./src/services/api.ts:126
[  204957ms] [LOG] ✅ API Response Data: {success: true, status: ready, postId: p_20260419221152_502mfg3br3q4ih, jobId: cj_2a46189be6ae48e090b3a69f04e388f8, retryAfterMs: null} @ webpack-internal:///(app-pages-browser)/./src/services/api.ts:137
[  204957ms] [LOG] 🔄 API Service: Raw response: {
  "success": true,
  "status": "ready",
  "postId": "p_20260419221152_502mfg3br3q4ih",
  "jobId": "cj_2a46189be6ae48e090b3a69f04e388f8",
  "retryAfterMs": null,
  "errorCode": null,
  "message": null
} @ webpack-internal:///(app-pages-browser)/./src/services/api.ts:182
[  204957ms] [LOG] ✅ Mutation successful: {originalUrl: https://music.apple.com/us/album/the-dark-side-of-the-moon/1065973699?i=1065973705, convertedUrls: Object, metadata: Object, description: undefined, postId: p_20260419221152_502mfg3br3q4ih} @ webpack-internal:///(app-pages-browser)/./src/hooks/use-music.ts:95
[  204968ms] [LOG] 🚀 API completed, entering rapid completion mode @ webpack-internal:///(app-pages-browser)/./src/hooks/use-simulated-progress.ts:342
[  204969ms] [LOG] 🏃 Entering rapid completion mode @ webpack-internal:///(app-pages-browser)/./src/hooks/use-simulated-progress.ts:296
[  204969ms] [LOG] 🔄 Cleared existing step timeout @ webpack-internal:///(app-pages-browser)/./src/hooks/use-simulated-progress.ts:301
[  204970ms] [LOG] ⚡ Remaining steps to complete: 3 @ webpack-internal:///(app-pages-browser)/./src/hooks/use-simulated-progress.ts:307
[  204970ms] [LOG] ⚡ Remaining steps to complete: 3 @ webpack-internal:///(app-pages-browser)/./src/hooks/use-simulated-progress.ts:307
[  205075ms] [LOG] 📝 Advancing step 1/3 @ webpack-internal:///(app-pages-browser)/./src/hooks/use-simulated-progress.ts:311
[  205075ms] [LOG] 📝 Advancing step 1/3 @ webpack-internal:///(app-pages-browser)/./src/hooks/use-simulated-progress.ts:311
[  205125ms] [ERROR] Maximum update depth exceeded. This can happen when a component calls setState inside useEffect, but useEffect either doesn't have a dependency array, or one of the dependencies changes on every render. @ webpack-internal:///(app-pages-browser)/./node_modules/next/dist/client/components/globals/intercept-console-error.js:49
[  205127ms] [LOG] [Fast Refresh] rebuilding @ webpack-internal:///(app-pages-browser)/./node_modules/next/dist/client/components/react-dev-overlay/app/hot-reloader-client.js:196
[  205171ms] [LOG] 📝 Advancing step 2/3 @ webpack-internal:///(app-pages-browser)/./src/hooks/use-simulated-progress.ts:311
[  205171ms] [LOG] 📝 Advancing step 2/3 @ webpack-internal:///(app-pages-browser)/./src/hooks/use-simulated-progress.ts:311
[  205272ms] [LOG] 📝 Advancing step 3/3 @ webpack-internal:///(app-pages-browser)/./src/hooks/use-simulated-progress.ts:311
[  205272ms] [LOG] 📝 Advancing step 3/3 @ webpack-internal:///(app-pages-browser)/./src/hooks/use-simulated-progress.ts:311
[  206137ms] [LOG] [Fast Refresh] done in 1009ms @ webpack-internal:///(app-pages-browser)/./node_modules/next/dist/client/components/react-dev-overlay/utils/report-hmr-latency.js:13
[  206868ms] [LOG] 🌐 API Request: {url: /api/v1/social/posts/p_20260419221152_502mfg3br3q4ih, method: GET, body: undefined} @ webpack-internal:///(app-pages-browser)/./src/services/api.ts:67
[  206868ms] [LOG] 🌐 API Request: {url: /api/v1/social/posts/p_20260419221152_502mfg3br3q4ih, method: GET, body: undefined} @ webpack-internal:///(app-pages-browser)/./src/services/api.ts:67
[  207710ms] [LOG] 🌐 API Response: {status: 200, ok: true} @ webpack-internal:///(app-pages-browser)/./src/services/api.ts:83
[  207711ms] [LOG] 📝 API Response Text: {"details":{"title":"On the Run","artist":"Pink Floyd","album":"","duration":"3:36","previewUrl":"https://audio-ssl.itunes.apple.com/itunes-assets/AudioPreview115/v4/20/12/9f/20129f9d-1500-db7a-e0fe-378d66547fb8/mzaf_4349161614077274011.plus.aac.p.m4a","isrcs":[],"artists":[{"name":"Pink Floyd","role":"Primary"}],"coverArtUrl":"","genres":["Rock","Music"]},"metadata":{"duration":"3:36","albumName":"The Dark Side of the Moon","releaseDate":null,"genres":["Rock","Music"]},"musicElementId":"t_DQxdvtoXuHz8","postId":"p_20260419221152_502mfg3br3q4ih","userId":null,"username":null,"description":"","privacy":"public","commentsEnabled":true,"conversionSuccessCount":null,"likeCount":0,"likedByCurrentUser":false,"isRepost":false,"originalPostId":null,"redirectPostId":"p_20260419221152_502mfg3br3q4ih","createdAt":"2026-04-19T22:11:52.664107Z","elementType":"Track","success":true,"errorMessage":null,"warnings":[],"sourcePlatform":null,"platforms":{"spotify":{"platformName":"spotify","elementType":"Track","name":"On the Run","url":"https://open.spotify.com/track/73OIUNKRi2y24Cu9cOLrzM","platformSpecificId":"73OIUNKRi2y24Cu9cOLrzM","artworkUrl":"https://i.scdn.co/image/ab67616d0000b273db216ca805faf5fe35df4ee6","isrc":null,"artistName":"Pink Floyd","albumName":null,"previewUrl":""},"applemusic":{"platformName":"applemusic","elementType":"Track","name":"On the Run","url":"https://music.apple.com/us/song/1065973705","platformSpecificId":"1065973705","artworkUrl":"https://is1-ssl.mzstatic.com/image/thumb/Music221/v4/3e/76/b0/3e76b0e3-762b-2286-a019-8afb19cee541/886445635829.jpg/1500x1500bb.jpg","isrc":null,"artistName":"Pink Floyd","albumName":null,"previewUrl":"","genres":["Rock","Music"]},"deezer":{"platformName":"deezer","elementType":"Track","name":"On the Run","url":"https://www.deezer.com/track/116914020","platformSpecificId":"116914020","isrc":null,"artistName":"Pink Floyd","albumName":null,"previewUrl":""}}} @ webpack-internal:///(app-pages-browser)/./src/services/api.ts:126
[  207711ms] [LOG] ✅ API Response Data: {details: Object, metadata: Object, musicElementId: t_DQxdvtoXuHz8, postId: p_20260419221152_502mfg3br3q4ih, userId: null} @ webpack-internal:///(app-pages-browser)/./src/services/api.ts:137
[  207763ms] [ERROR] Audio error: SyntheticBaseEvent @ webpack-internal:///(app-pages-browser)/./node_modules/next/dist/client/components/globals/intercept-console-error.js:49
[  208393ms] [LOG] 🌐 API Response: {status: 200, ok: true} @ webpack-internal:///(app-pages-browser)/./src/services/api.ts:83
[  208404ms] [WARNING] Image with src "https://storage.ko-fi.com/cdn/logomarkLogo.png" has either width or height modified, but not the other. If you use CSS to change the size of your image, also include the styles 'width: "auto"' or 'height: "auto"' to maintain the aspect ratio. @ webpack-internal:///(app-pages-browser)/./node_modules/next/dist/shared/lib/utils/warn-once.js:15
[  208404ms] [LOG] 📝 API Response Text: {"details":{"title":"On the Run","artist":"Pink Floyd","album":"","duration":"3:36","previewUrl":"https://audio-ssl.itunes.apple.com/itunes-assets/AudioPreview115/v4/20/12/9f/20129f9d-1500-db7a-e0fe-378d66547fb8/mzaf_4349161614077274011.plus.aac.p.m4a","isrcs":[],"artists":[{"name":"Pink Floyd","role":"Primary"}],"coverArtUrl":"","genres":["Rock","Music"]},"metadata":{"duration":"3:36","albumName":"The Dark Side of the Moon","releaseDate":null,"genres":["Rock","Music"]},"musicElementId":"t_DQxdvtoXuHz8","postId":"p_20260419221152_502mfg3br3q4ih","userId":null,"username":null,"description":"","privacy":"public","commentsEnabled":true,"conversionSuccessCount":null,"likeCount":0,"likedByCurrentUser":false,"isRepost":false,"originalPostId":null,"redirectPostId":"p_20260419221152_502mfg3br3q4ih","createdAt":"2026-04-19T22:11:52.664107Z","elementType":"Track","success":true,"errorMessage":null,"warnings":[],"sourcePlatform":null,"platforms":{"spotify":{"platformName":"spotify","elementType":"Track","name":"On the Run","url":"https://open.spotify.com/track/73OIUNKRi2y24Cu9cOLrzM","platformSpecificId":"73OIUNKRi2y24Cu9cOLrzM","artworkUrl":"https://i.scdn.co/image/ab67616d0000b273db216ca805faf5fe35df4ee6","isrc":null,"artistName":"Pink Floyd","albumName":null,"previewUrl":""},"applemusic":{"platformName":"applemusic","elementType":"Track","name":"On the Run","url":"https://music.apple.com/us/song/1065973705","platformSpecificId":"1065973705","artworkUrl":"https://is1-ssl.mzstatic.com/image/thumb/Music221/v4/3e/76/b0/3e76b0e3-762b-2286-a019-8afb19cee541/886445635829.jpg/1500x1500bb.jpg","isrc":null,"artistName":"Pink Floyd","albumName":null,"previewUrl":"","genres":["Rock","Music"]},"deezer":{"platformName":"deezer","elementType":"Track","name":"On the Run","url":"https://www.deezer.com/track/116914020","platformSpecificId":"116914020","isrc":null,"artistName":"Pink Floyd","albumName":null,"previewUrl":""}}} @ webpack-internal:///(app-pages-browser)/./src/services/api.ts:126
[  208404ms] [LOG] ✅ API Response Data: {details: Object, metadata: Object, musicElementId: t_DQxdvtoXuHz8, postId: p_20260419221152_502mfg3br3q4ih, userId: null} @ webpack-internal:///(app-pages-browser)/./src/services/api.ts:137
[  210271ms] [LOG] 🔧 API Service initialized with URL:  @ webpack-internal:///(app-pages-browser)/./src/services/api.ts:833
[  210271ms] [LOG] 🔧 Environment: development @ webpack-internal:///(app-pages-browser)/./src/services/api.ts:834
[  210271ms] [LOG] 🔧 NEXT_PUBLIC_API_URL_LOCAL: http://localhost:5001 @ webpack-internal:///(app-pages-browser)/./src/services/api.ts:835
[  210272ms] [LOG] 🔧 Config: {url: http://localhost:5001} @ webpack-internal:///(app-pages-browser)/./src/services/api.ts:836
[  210344ms] [INFO] %cDownload the React DevTools for a better development experience: https://react.dev/link/react-devtools font-weight:bold @ webpack-internal:///(app-pages-browser)/./node_modules/next/dist/compiled/react-dom/cjs/react-dom-client.development.js:25022
[  210706ms] [ERROR] Failed to load resource: the server responded with a status of 401 (Unauthorized) @ http://localhost:3000/api/auth/session:0
[  210747ms] [LOG] 🌐 API Request: {url: /api/v1/social/posts/p_20260419221152_502mfg3br3q4ih, method: GET, body: undefined} @ webpack-internal:///(app-pages-browser)/./src/services/api.ts:67
[  210748ms] [LOG] 🌐 API Request: {url: /api/v1/social/posts/p_20260419221152_502mfg3br3q4ih, method: GET, body: undefined} @ webpack-internal:///(app-pages-browser)/./src/services/api.ts:67
[  210781ms] [WARNING] Image with src "/images/nav_logo_text.png" was detected as the Largest Contentful Paint (LCP). Please add the "priority" property if this image is above the fold.
Read more: https://nextjs.org/docs/api-reference/next/image#priority @ webpack-internal:///(app-pages-browser)/./node_modules/next/dist/shared/lib/utils/warn-once.js:15
[  210995ms] [LOG] 🌐 API Response: {status: 200, ok: true} @ webpack-internal:///(app-pages-browser)/./src/services/api.ts:83
[  210996ms] [LOG] 📝 API Response Text: {"details":{"title":"On the Run","artist":"Pink Floyd","album":"","duration":"3:36","previewUrl":"https://audio-ssl.itunes.apple.com/itunes-assets/AudioPreview115/v4/20/12/9f/20129f9d-1500-db7a-e0fe-378d66547fb8/mzaf_4349161614077274011.plus.aac.p.m4a","isrcs":[],"artists":[{"name":"Pink Floyd","role":"Primary"}],"coverArtUrl":"","genres":["Rock","Music"]},"metadata":{"duration":"3:36","albumName":"The Dark Side of the Moon","releaseDate":null,"genres":["Rock","Music"]},"musicElementId":"t_DQxdvtoXuHz8","postId":"p_20260419221152_502mfg3br3q4ih","userId":null,"username":null,"description":"","privacy":"public","commentsEnabled":true,"conversionSuccessCount":null,"likeCount":0,"likedByCurrentUser":false,"isRepost":false,"originalPostId":null,"redirectPostId":"p_20260419221152_502mfg3br3q4ih","createdAt":"2026-04-19T22:11:52.664107Z","elementType":"Track","success":true,"errorMessage":null,"warnings":[],"sourcePlatform":null,"platforms":{"spotify":{"platformName":"spotify","elementType":"Track","name":"On the Run","url":"https://open.spotify.com/track/73OIUNKRi2y24Cu9cOLrzM","platformSpecificId":"73OIUNKRi2y24Cu9cOLrzM","artworkUrl":"https://i.scdn.co/image/ab67616d0000b273db216ca805faf5fe35df4ee6","isrc":null,"artistName":"Pink Floyd","albumName":null,"previewUrl":""},"applemusic":{"platformName":"applemusic","elementType":"Track","name":"On the Run","url":"https://music.apple.com/us/song/1065973705","platformSpecificId":"1065973705","artworkUrl":"https://is1-ssl.mzstatic.com/image/thumb/Music221/v4/3e/76/b0/3e76b0e3-762b-2286-a019-8afb19cee541/886445635829.jpg/1500x1500bb.jpg","isrc":null,"artistName":"Pink Floyd","albumName":null,"previewUrl":"","genres":["Rock","Music"]},"deezer":{"platformName":"deezer","elementType":"Track","name":"On the Run","url":"https://www.deezer.com/track/116914020","platformSpecificId":"116914020","isrc":null,"artistName":"Pink Floyd","albumName":null,"previewUrl":""}}} @ webpack-internal:///(app-pages-browser)/./src/services/api.ts:126
[  210996ms] [LOG] ✅ API Response Data: {details: Object, metadata: Object, musicElementId: t_DQxdvtoXuHz8, postId: p_20260419221152_502mfg3br3q4ih, userId: null} @ webpack-internal:///(app-pages-browser)/./src/services/api.ts:137
[  211045ms] [ERROR] Audio error: SyntheticBaseEvent @ webpack-internal:///(app-pages-browser)/./node_modules/next/dist/client/components/globals/intercept-console-error.js:49
[  211065ms] [WARNING] Image with src "https://storage.ko-fi.com/cdn/logomarkLogo.png" has either width or height modified, but not the other. If you use CSS to change the size of your image, also include the styles 'width: "auto"' or 'height: "auto"' to maintain the aspect ratio. @ webpack-internal:///(app-pages-browser)/./node_modules/next/dist/shared/lib/utils/warn-once.js:15
[  211269ms] [LOG] 🌐 API Response: {status: 200, ok: true} @ webpack-internal:///(app-pages-browser)/./src/services/api.ts:83
[  211270ms] [LOG] 📝 API Response Text: {"details":{"title":"On the Run","artist":"Pink Floyd","album":"","duration":"3:36","previewUrl":"https://audio-ssl.itunes.apple.com/itunes-assets/AudioPreview115/v4/20/12/9f/20129f9d-1500-db7a-e0fe-378d66547fb8/mzaf_4349161614077274011.plus.aac.p.m4a","isrcs":[],"artists":[{"name":"Pink Floyd","role":"Primary"}],"coverArtUrl":"","genres":["Rock","Music"]},"metadata":{"duration":"3:36","albumName":"The Dark Side of the Moon","releaseDate":null,"genres":["Rock","Music"]},"musicElementId":"t_DQxdvtoXuHz8","postId":"p_20260419221152_502mfg3br3q4ih","userId":null,"username":null,"description":"","privacy":"public","commentsEnabled":true,"conversionSuccessCount":null,"likeCount":0,"likedByCurrentUser":false,"isRepost":false,"originalPostId":null,"redirectPostId":"p_20260419221152_502mfg3br3q4ih","createdAt":"2026-04-19T22:11:52.664107Z","elementType":"Track","success":true,"errorMessage":null,"warnings":[],"sourcePlatform":null,"platforms":{"spotify":{"platformName":"spotify","elementType":"Track","name":"On the Run","url":"https://open.spotify.com/track/73OIUNKRi2y24Cu9cOLrzM","platformSpecificId":"73OIUNKRi2y24Cu9cOLrzM","artworkUrl":"https://i.scdn.co/image/ab67616d0000b273db216ca805faf5fe35df4ee6","isrc":null,"artistName":"Pink Floyd","albumName":null,"previewUrl":""},"applemusic":{"platformName":"applemusic","elementType":"Track","name":"On the Run","url":"https://music.apple.com/us/song/1065973705","platformSpecificId":"1065973705","artworkUrl":"https://is1-ssl.mzstatic.com/image/thumb/Music221/v4/3e/76/b0/3e76b0e3-762b-2286-a019-8afb19cee541/886445635829.jpg/1500x1500bb.jpg","isrc":null,"artistName":"Pink Floyd","albumName":null,"previewUrl":"","genres":["Rock","Music"]},"deezer":{"platformName":"deezer","elementType":"Track","name":"On the Run","url":"https://www.deezer.com/track/116914020","platformSpecificId":"116914020","isrc":null,"artistName":"Pink Floyd","albumName":null,"previewUrl":""}}} @ webpack-internal:///(app-pages-browser)/./src/services/api.ts:126
[  211270ms] [LOG] ✅ API Response Data: {details: Object, metadata: Object, musicElementId: t_DQxdvtoXuHz8, postId: p_20260419221152_502mfg3br3q4ih, userId: null} @ webpack-internal:///(app-pages-browser)/./src/services/api.ts:137
