[     627ms] [LOG] 🔧 API Service initialized with URL:  @ webpack-internal:///(app-pages-browser)/./src/services/api.ts:833
[     627ms] [LOG] 🔧 Environment: development @ webpack-internal:///(app-pages-browser)/./src/services/api.ts:834
[     627ms] [LOG] 🔧 NEXT_PUBLIC_API_URL_LOCAL: http://localhost:5001 @ webpack-internal:///(app-pages-browser)/./src/services/api.ts:835
[     627ms] [LOG] 🔧 Config: {url: http://localhost:5001} @ webpack-internal:///(app-pages-browser)/./src/services/api.ts:836
[     694ms] [INFO] %cDownload the React DevTools for a better development experience: https://react.dev/link/react-devtools font-weight:bold @ webpack-internal:///(app-pages-browser)/./node_modules/next/dist/compiled/react-dom/cjs/react-dom-client.development.js:25022
[     759ms] [WARNING] Image with src "/images/nav_logo_text.png" was detected as the Largest Contentful Paint (LCP). Please add the "priority" property if this image is above the fold.
Read more: https://nextjs.org/docs/api-reference/next/image#priority @ webpack-internal:///(app-pages-browser)/./node_modules/next/dist/shared/lib/utils/warn-once.js:15
[     975ms] [WARNING] Please ensure that the container has a non-static position, like 'relative', 'fixed', or 'absolute' to ensure scroll offset is calculated correctly. @ webpack-internal:///(app-pages-browser)/./node_modules/motion-utils/dist/es/warn-once.mjs:12
[     999ms] [WARNING] Image with src "https://storage.ko-fi.com/cdn/logomarkLogo.png" has either width or height modified, but not the other. If you use CSS to change the size of your image, also include the styles 'width: "auto"' or 'height: "auto"' to maintain the aspect ratio. @ webpack-internal:///(app-pages-browser)/./node_modules/next/dist/shared/lib/utils/warn-once.js:15
[    1790ms] [ERROR] Failed to load resource: the server responded with a status of 401 (Unauthorized) @ http://localhost:3000/api/auth/session:0
[    9953ms] [LOG] 🎯 Mutation function called with URL: https://music.apple.com/us/album/the-dark-side-of-the-moon/1065973699?i=1065973705 description: undefined anonymous: true @ webpack-internal:///(app-pages-browser)/./src/hooks/use-music.ts:84
[    9954ms] [LOG] 🔄 API Service: convertMusicLink called with: https://music.apple.com/us/album/the-dark-side-of-the-moon/1065973699?i=1065973705 {anonymous: true, description: undefined, idempotencyKey: 0c8b8094-54d2-4436-ba5f-46190348e604} @ webpack-internal:///(app-pages-browser)/./src/services/api.ts:155
[    9954ms] [LOG] 🌐 API Request: {url: /api/v1/convert, method: POST, body: {"sourceLink":"https://music.apple.com/us/album/the-dark-side-of-the-moon/1065973699?i=1065973705"}} @ webpack-internal:///(app-pages-browser)/./src/services/api.ts:67
[    9958ms] [WARNING] Image with src "/images/cassette_logo.png" has either width or height modified, but not the other. If you use CSS to change the size of your image, also include the styles 'width: "auto"' or 'height: "auto"' to maintain the aspect ratio. @ webpack-internal:///(app-pages-browser)/./node_modules/next/dist/shared/lib/utils/warn-once.js:15
[   13532ms] [LOG] 🌐 API Response: {status: 200, ok: true} @ webpack-internal:///(app-pages-browser)/./src/services/api.ts:83
[   13533ms] [LOG] 📝 API Response Text: {"success":true,"status":"ready","postId":"p_20260419221224_w87z5x37a1h849","jobId":"cj_b17723024f7d45e2bb5a7cd969a6f2a5","retryAfterMs":null,"errorCode":null,"message":null} @ webpack-internal:///(app-pages-browser)/./src/services/api.ts:126
[   13533ms] [LOG] ✅ API Response Data: {success: true, status: ready, postId: p_20260419221224_w87z5x37a1h849, jobId: cj_b17723024f7d45e2bb5a7cd969a6f2a5, retryAfterMs: null} @ webpack-internal:///(app-pages-browser)/./src/services/api.ts:137
[   13533ms] [LOG] 🔄 API Service: Raw response: {
  "success": true,
  "status": "ready",
  "postId": "p_20260419221224_w87z5x37a1h849",
  "jobId": "cj_b17723024f7d45e2bb5a7cd969a6f2a5",
  "retryAfterMs": null,
  "errorCode": null,
  "message": null
} @ webpack-internal:///(app-pages-browser)/./src/services/api.ts:182
[   13533ms] [LOG] ✅ Mutation successful: {originalUrl: https://music.apple.com/us/album/the-dark-side-of-the-moon/1065973699?i=1065973705, convertedUrls: Object, metadata: Object, description: undefined, postId: p_20260419221224_w87z5x37a1h849} @ webpack-internal:///(app-pages-browser)/./src/hooks/use-music.ts:95
[   13544ms] [LOG] 🚀 API completed, entering rapid completion mode @ webpack-internal:///(app-pages-browser)/./src/hooks/use-simulated-progress.ts:342
[   13545ms] [LOG] 🏃 Entering rapid completion mode @ webpack-internal:///(app-pages-browser)/./src/hooks/use-simulated-progress.ts:296
[   13545ms] [LOG] 🔄 Cleared existing step timeout @ webpack-internal:///(app-pages-browser)/./src/hooks/use-simulated-progress.ts:301
[   13546ms] [LOG] ⚡ Remaining steps to complete: 3 @ webpack-internal:///(app-pages-browser)/./src/hooks/use-simulated-progress.ts:307
[   13546ms] [LOG] ⚡ Remaining steps to complete: 3 @ webpack-internal:///(app-pages-browser)/./src/hooks/use-simulated-progress.ts:307
[   13657ms] [LOG] 📝 Advancing step 1/3 @ webpack-internal:///(app-pages-browser)/./src/hooks/use-simulated-progress.ts:311
[   13657ms] [LOG] 📝 Advancing step 1/3 @ webpack-internal:///(app-pages-browser)/./src/hooks/use-simulated-progress.ts:311
[   13734ms] [ERROR] Maximum update depth exceeded. This can happen when a component calls setState inside useEffect, but useEffect either doesn't have a dependency array, or one of the dependencies changes on every render. @ webpack-internal:///(app-pages-browser)/./node_modules/next/dist/client/components/globals/intercept-console-error.js:49
[   13747ms] [LOG] 📝 Advancing step 2/3 @ webpack-internal:///(app-pages-browser)/./src/hooks/use-simulated-progress.ts:311
[   13747ms] [LOG] 📝 Advancing step 2/3 @ webpack-internal:///(app-pages-browser)/./src/hooks/use-simulated-progress.ts:311
[   13759ms] [LOG] 🌐 API Request: {url: /api/v1/social/posts/p_20260419221224_w87z5x37a1h849, method: GET, body: undefined} @ webpack-internal:///(app-pages-browser)/./src/services/api.ts:67
[   13759ms] [LOG] 🌐 API Request: {url: /api/v1/social/posts/p_20260419221224_w87z5x37a1h849, method: GET, body: undefined} @ webpack-internal:///(app-pages-browser)/./src/services/api.ts:67
[   13846ms] [LOG] 📝 Advancing step 3/3 @ webpack-internal:///(app-pages-browser)/./src/hooks/use-simulated-progress.ts:311
[   13846ms] [LOG] 📝 Advancing step 3/3 @ webpack-internal:///(app-pages-browser)/./src/hooks/use-simulated-progress.ts:311
[   14242ms] [LOG] 🌐 API Response: {status: 200, ok: true} @ webpack-internal:///(app-pages-browser)/./src/services/api.ts:83
[   14242ms] [LOG] 📝 API Response Text: {"details":{"title":"On the Run","artist":"Pink Floyd","album":"","duration":"3:36","previewUrl":"https://audio-ssl.itunes.apple.com/itunes-assets/AudioPreview115/v4/20/12/9f/20129f9d-1500-db7a-e0fe-378d66547fb8/mzaf_4349161614077274011.plus.aac.p.m4a","isrcs":[],"artists":[{"name":"Pink Floyd","role":"Primary"}],"coverArtUrl":"","genres":["Rock","Music"]},"metadata":{"duration":"3:36","albumName":"The Dark Side of the Moon","releaseDate":null,"genres":["Rock","Music"]},"musicElementId":"t_DQxdvtoXuHz8","postId":"p_20260419221224_w87z5x37a1h849","userId":null,"username":null,"description":"","privacy":"public","commentsEnabled":true,"conversionSuccessCount":null,"likeCount":0,"likedByCurrentUser":false,"isRepost":false,"originalPostId":null,"redirectPostId":"p_20260419221224_w87z5x37a1h849","createdAt":"2026-04-19T22:12:24.231582Z","elementType":"Track","success":true,"errorMessage":null,"warnings":[],"sourcePlatform":null,"platforms":{"spotify":{"platformName":"spotify","elementType":"Track","name":"On the Run","url":"https://open.spotify.com/track/73OIUNKRi2y24Cu9cOLrzM","platformSpecificId":"73OIUNKRi2y24Cu9cOLrzM","artworkUrl":"https://i.scdn.co/image/ab67616d0000b273db216ca805faf5fe35df4ee6","isrc":null,"artistName":"Pink Floyd","albumName":null,"previewUrl":""},"applemusic":{"platformName":"applemusic","elementType":"Track","name":"On the Run","url":"https://music.apple.com/us/song/1065973705","platformSpecificId":"1065973705","artworkUrl":"https://is1-ssl.mzstatic.com/image/thumb/Music221/v4/3e/76/b0/3e76b0e3-762b-2286-a019-8afb19cee541/886445635829.jpg/1500x1500bb.jpg","isrc":null,"artistName":"Pink Floyd","albumName":null,"previewUrl":"","genres":["Rock","Music"]},"deezer":{"platformName":"deezer","elementType":"Track","name":"On the Run","url":"https://www.deezer.com/track/116914020","platformSpecificId":"116914020","isrc":null,"artistName":"Pink Floyd","albumName":null,"previewUrl":""}}} @ webpack-internal:///(app-pages-browser)/./src/services/api.ts:126
[   14242ms] [LOG] ✅ API Response Data: {details: Object, metadata: Object, musicElementId: t_DQxdvtoXuHz8, postId: p_20260419221224_w87z5x37a1h849, userId: null} @ webpack-internal:///(app-pages-browser)/./src/services/api.ts:137
[   14259ms] [ERROR] Audio error: SyntheticBaseEvent @ webpack-internal:///(app-pages-browser)/./node_modules/next/dist/client/components/globals/intercept-console-error.js:49
[   14758ms] [LOG] 🌐 API Response: {status: 200, ok: true} @ webpack-internal:///(app-pages-browser)/./src/services/api.ts:83
[   14758ms] [LOG] 📝 API Response Text: {"details":{"title":"On the Run","artist":"Pink Floyd","album":"","duration":"3:36","previewUrl":"https://audio-ssl.itunes.apple.com/itunes-assets/AudioPreview115/v4/20/12/9f/20129f9d-1500-db7a-e0fe-378d66547fb8/mzaf_4349161614077274011.plus.aac.p.m4a","isrcs":[],"artists":[{"name":"Pink Floyd","role":"Primary"}],"coverArtUrl":"","genres":["Rock","Music"]},"metadata":{"duration":"3:36","albumName":"The Dark Side of the Moon","releaseDate":null,"genres":["Rock","Music"]},"musicElementId":"t_DQxdvtoXuHz8","postId":"p_20260419221224_w87z5x37a1h849","userId":null,"username":null,"description":"","privacy":"public","commentsEnabled":true,"conversionSuccessCount":null,"likeCount":0,"likedByCurrentUser":false,"isRepost":false,"originalPostId":null,"redirectPostId":"p_20260419221224_w87z5x37a1h849","createdAt":"2026-04-19T22:12:24.231582Z","elementType":"Track","success":true,"errorMessage":null,"warnings":[],"sourcePlatform":null,"platforms":{"spotify":{"platformName":"spotify","elementType":"Track","name":"On the Run","url":"https://open.spotify.com/track/73OIUNKRi2y24Cu9cOLrzM","platformSpecificId":"73OIUNKRi2y24Cu9cOLrzM","artworkUrl":"https://i.scdn.co/image/ab67616d0000b273db216ca805faf5fe35df4ee6","isrc":null,"artistName":"Pink Floyd","albumName":null,"previewUrl":""},"applemusic":{"platformName":"applemusic","elementType":"Track","name":"On the Run","url":"https://music.apple.com/us/song/1065973705","platformSpecificId":"1065973705","artworkUrl":"https://is1-ssl.mzstatic.com/image/thumb/Music221/v4/3e/76/b0/3e76b0e3-762b-2286-a019-8afb19cee541/886445635829.jpg/1500x1500bb.jpg","isrc":null,"artistName":"Pink Floyd","albumName":null,"previewUrl":"","genres":["Rock","Music"]},"deezer":{"platformName":"deezer","elementType":"Track","name":"On the Run","url":"https://www.deezer.com/track/116914020","platformSpecificId":"116914020","isrc":null,"artistName":"Pink Floyd","albumName":null,"previewUrl":""}}} @ webpack-internal:///(app-pages-browser)/./src/services/api.ts:126
[   14758ms] [LOG] ✅ API Response Data: {details: Object, metadata: Object, musicElementId: t_DQxdvtoXuHz8, postId: p_20260419221224_w87z5x37a1h849, userId: null} @ webpack-internal:///(app-pages-browser)/./src/services/api.ts:137
